Arguments: 
  /usr/local/bin/node /usr/local/bin/yarn add bable-preset-react@6.24.1 babel-preset-env@1.5.2

PATH: 
  /usr/local/opt/terraform@0.12/bin:/usr/local/opt/terraform@0.11/bin:/usr/local/opt/openssl/bin:/usr/local/openssl/bin:/usr/local/sbin:/opt/local/bin:/opt/local/sbin:/opt/local/bin:/opt/local/sbin:/Users/fabricioroveda/.rvm/gems/ruby-2.6.2/bin:/Users/fabricioroveda/.rvm/gems/ruby-2.6.2@global/bin:/Users/fabricioroveda/.rvm/rubies/ruby-2.6.2/bin:/usr/local/bin:/usr/bin:/bin:/usr/sbin:/sbin:/usr/local/mysql/bin:/Users/fabricioroveda/.rvm/bin:/Applications/Postgres.app/Contents/Versions/latest/bin:/Users/fabricioroveda/.rvm/bin

Yarn version: 
  1.22.4

Node version: 
  13.12.0

Platform: 
  darwin x64

Trace: 
  Error: https://registry.yarnpkg.com/bable-preset-react: Not found
      at Request.params.callback [as _callback] (/usr/local/lib/node_modules/yarn/lib/cli.js:66987:18)
      at Request.self.callback (/usr/local/lib/node_modules/yarn/lib/cli.js:140748:22)
      at Request.emit (events.js:315:20)
      at Request.<anonymous> (/usr/local/lib/node_modules/yarn/lib/cli.js:141720:10)
      at Request.emit (events.js:315:20)
      at IncomingMessage.<anonymous> (/usr/local/lib/node_modules/yarn/lib/cli.js:141642:12)
      at Object.onceWrapper (events.js:421:28)
      at IncomingMessage.emit (events.js:327:22)
      at endReadableNT (_stream_readable.js:1201:12)
      at processTicksAndRejections (internal/process/task_queues.js:84:21)

npm manifest: 
  {
    "name": "indecision-app",
    "version": "1.0.0",
    "main": "index.js",
    "author": "Fabricio Roveda",
    "license": "MIT"
  }

yarn manifest: 
  No manifest

Lockfile: 
  No lockfile
